05/10/23 10:37:18 AM Thursday - <module> - INFO : Recoding Start
05/10/23 10:37:18 AM Thursday - <module> - INFO : Recoding Start
05/10/23 10:37:19 AM Thursday - <module> - INFO : Recoding Stop
05/10/23 10:37:19 AM Thursday - <module> - INFO : Recoding Stop
05/10/23 10:40:24 AM Thursday - <module> - INFO : Recoding Start
05/10/23 10:40:24 AM Thursday - <module> - INFO : Recoding Start
05/10/23 10:40:26 AM Thursday - <module> - INFO : Recoding Stop
05/10/23 10:40:26 AM Thursday - <module> - INFO : Recoding Stop
05/10/23 11:37:08 AM Thursday - <module> - INFO : Recoding Start
05/10/23 11:37:08 AM Thursday - <module> - INFO : Recoding Start
05/10/23 11:37:10 AM Thursday - <module> - INFO : Recoding Stop
05/10/23 11:37:10 AM Thursday - <module> - INFO : Recoding Stop
05/10/23 11:42:22 AM Thursday - <module> - INFO : Recoding Start
05/10/23 11:42:22 AM Thursday - <module> - INFO : Recoding Start
05/10/23 11:42:24 AM Thursday - <module> - INFO : Recoding Stop
05/10/23 11:42:24 AM Thursday - <module> - INFO : Recoding Stop
05/10/23 11:43:37 AM Thursday - <module> - INFO : Recoding Start
05/10/23 11:43:37 AM Thursday - <module> - INFO : Recoding Start
05/10/23 11:43:39 AM Thursday - <module> - INFO : Recoding Stop
05/10/23 11:43:39 AM Thursday - <module> - INFO : Recoding Stop
05/10/23 11:44:15 AM Thursday - <module> - INFO : Recoding Start
05/10/23 11:44:15 AM Thursday - <module> - INFO : Recoding Start
05/10/23 11:44:51 AM Thursday - <module> - INFO : Recoding Stop
05/10/23 11:44:51 AM Thursday - <module> - INFO : Recoding Stop
05/10/23 01:41:17 PM Thursday - <module> - INFO : Recoding Start
05/10/23 01:41:17 PM Thursday - <module> - INFO : Recoding Start
05/10/23 01:43:38 PM Thursday - <module> - INFO : Recoding Start
05/10/23 01:43:38 PM Thursday - <module> - INFO : Recoding Start
05/10/23 01:44:10 PM Thursday - <module> - INFO : Recoding Stop
05/10/23 01:44:10 PM Thursday - <module> - INFO : Recoding Stop
05/10/23 01:46:33 PM Thursday - <module> - INFO : Recoding Start
05/10/23 01:46:33 PM Thursday - <module> - INFO : Recoding Start
05/10/23 01:47:05 PM Thursday - <module> - INFO : Recoding Stop
05/10/23 01:47:05 PM Thursday - <module> - INFO : Recoding Stop
05/10/23 01:48:27 PM Thursday - <module> - INFO : Recoding Start
05/10/23 01:48:27 PM Thursday - <module> - INFO : Recoding Start
05/10/23 01:49:15 PM Thursday - <module> - INFO : Recoding Stop
05/10/23 01:49:15 PM Thursday - <module> - INFO : Recoding Stop
05/10/23 01:54:58 PM Thursday - <module> - INFO : Recoding Start
05/10/23 01:54:58 PM Thursday - <module> - INFO : Recoding Start
05/10/23 01:55:33 PM Thursday - <module> - INFO : Recoding Stop
05/10/23 01:55:33 PM Thursday - <module> - INFO : Recoding Stop
05/10/23 02:40:43 PM Thursday - <module> - INFO : Recoding Start
05/10/23 02:40:43 PM Thursday - <module> - INFO : Recoding Start
05/10/23 02:41:24 PM Thursday - <module> - INFO : Recoding Stop
05/10/23 02:41:24 PM Thursday - <module> - INFO : Recoding Stop
05/10/23 04:00:14 PM Thursday - <module> - INFO : Recoding Start
05/10/23 04:00:14 PM Thursday - <module> - INFO : Recoding Start
05/10/23 04:00:26 PM Thursday - <module> - INFO : Recoding Stop
05/10/23 04:00:26 PM Thursday - <module> - INFO : Recoding Stop
05/10/23 04:03:58 PM Thursday - <module> - INFO : Recoding Start
05/10/23 04:03:58 PM Thursday - <module> - INFO : Recoding Start
05/10/23 04:03:58 PM Thursday - <module> - INFO : Recoding Start
05/10/23 04:04:10 PM Thursday - <module> - INFO : *** title KOR ID CARD RESULT
05/10/23 04:04:10 PM Thursday - <module> - INFO : *** title KOR ID CARD RESULT
05/10/23 04:04:10 PM Thursday - <module> - INFO : *** title KOR ID CARD RESULT
05/10/23 04:04:10 PM Thursday - <module> - INFO : Recoding Stop
05/10/23 04:04:10 PM Thursday - <module> - INFO : Recoding Stop
05/10/23 04:04:10 PM Thursday - <module> - INFO : Recoding Stop
05/10/23 04:07:48 PM Thursday - <module> - INFO : Recoding Start
05/10/23 04:07:48 PM Thursday - <module> - INFO : Recoding Start
05/10/23 04:07:48 PM Thursday - <module> - INFO : Recoding Start
05/10/23 04:07:58 PM Thursday - <module> - INFO : *** title KOR ID CARD RESULT
05/10/23 04:07:58 PM Thursday - <module> - INFO : *** title KOR ID CARD RESULT
05/10/23 04:07:58 PM Thursday - <module> - INFO : *** title KOR ID CARD RESULT
05/10/23 04:08:29 PM Thursday - <module> - INFO : Recoding Stop
05/10/23 04:08:29 PM Thursday - <module> - INFO : Recoding Stop
05/10/23 04:08:29 PM Thursday - <module> - INFO : Recoding Stop
05/10/23 04:09:14 PM Thursday - <module> - INFO : Recoding Start
05/10/23 04:09:14 PM Thursday - <module> - INFO : Recoding Start
05/10/23 04:09:14 PM Thursday - <module> - INFO : Recoding Start
05/10/23 04:09:46 PM Thursday - <module> - INFO : *** title KOR ID CARD RESULT
05/10/23 04:09:46 PM Thursday - <module> - INFO : *** title KOR ID CARD RESULT
05/10/23 04:09:46 PM Thursday - <module> - INFO : *** title KOR ID CARD RESULT
05/10/23 04:10:17 PM Thursday - <module> - INFO : Recoding Stop
05/10/23 04:10:17 PM Thursday - <module> - INFO : Recoding Stop
05/10/23 04:10:17 PM Thursday - <module> - INFO : Recoding Stop
05/10/23 04:11:08 PM Thursday - <module> - INFO : Recoding Start
05/10/23 04:11:08 PM Thursday - <module> - INFO : Recoding Start
05/10/23 04:11:08 PM Thursday - <module> - INFO : Recoding Start
05/10/23 04:11:15 PM Thursday - <module> - INFO : *** title KOR ID CARD RESULT
05/10/23 04:11:15 PM Thursday - <module> - INFO : *** title KOR ID CARD RESULT
05/10/23 04:11:15 PM Thursday - <module> - INFO : *** title KOR ID CARD RESULT
05/10/23 04:11:46 PM Thursday - <module> - INFO : Recoding Stop
05/10/23 04:11:46 PM Thursday - <module> - INFO : Recoding Stop
05/10/23 04:11:46 PM Thursday - <module> - INFO : Recoding Stop
05/10/23 04:13:40 PM Thursday - <module> - INFO : Recoding Start
05/10/23 04:13:40 PM Thursday - <module> - INFO : Recoding Start
05/10/23 04:13:40 PM Thursday - <module> - INFO : Recoding Start
05/10/23 04:13:48 PM Thursday - <module> - INFO : *** title KOR ID CARD RESULT
05/10/23 04:13:48 PM Thursday - <module> - INFO : *** title KOR ID CARD RESULT
05/10/23 04:13:48 PM Thursday - <module> - INFO : *** title KOR ID CARD RESULT
05/10/23 04:13:58 PM Thursday - <module> - INFO : Recoding Stop
05/10/23 04:13:58 PM Thursday - <module> - INFO : Recoding Stop
05/10/23 04:13:58 PM Thursday - <module> - INFO : Recoding Stop
05/10/23 04:17:21 PM Thursday - <module> - INFO : Recoding Start
05/10/23 04:17:21 PM Thursday - <module> - INFO : Recoding Start
05/10/23 04:17:21 PM Thursday - <module> - INFO : Recoding Start
05/10/23 04:17:32 PM Thursday - <module> - INFO : *** title KOR ID CARD RESULT
05/10/23 04:17:32 PM Thursday - <module> - INFO : *** title KOR ID CARD RESULT
05/10/23 04:17:32 PM Thursday - <module> - INFO : *** title KOR ID CARD RESULT
05/10/23 04:17:32 PM Thursday - <module> - INFO : *** hnum 901116-1158011
05/10/23 04:17:32 PM Thursday - <module> - INFO : *** hnum 901116-1158011
05/10/23 04:17:32 PM Thursday - <module> - INFO : *** hnum 901116-1158011
05/10/23 04:17:42 PM Thursday - <module> - INFO : Recoding Stop
05/10/23 04:17:42 PM Thursday - <module> - INFO : Recoding Stop
05/10/23 04:17:42 PM Thursday - <module> - INFO : Recoding Stop
05/10/23 04:20:10 PM Thursday - <module> - INFO : Recoding Start
05/10/23 04:20:10 PM Thursday - <module> - INFO : Recoding Start
05/10/23 04:20:10 PM Thursday - <module> - INFO : Recoding Start
05/10/23 04:20:22 PM Thursday - <module> - INFO : *** title KOR ID CARD RESULT
05/10/23 04:20:22 PM Thursday - <module> - INFO : *** title KOR ID CARD RESULT
05/10/23 04:20:22 PM Thursday - <module> - INFO : *** title KOR ID CARD RESULT
05/10/23 04:20:22 PM Thursday - <module> - INFO : *** hnum 901116-1158011
05/10/23 04:20:22 PM Thursday - <module> - INFO : *** hnum 901116-1158011
05/10/23 04:20:22 PM Thursday - <module> - INFO : *** hnum 901116-1158011
05/10/23 04:20:33 PM Thursday - <module> - INFO : Recoding Stop
05/10/23 04:20:33 PM Thursday - <module> - INFO : Recoding Stop
05/10/23 04:20:33 PM Thursday - <module> - INFO : Recoding Stop
05/10/23 04:25:51 PM Thursday - <module> - INFO : Recoding Start
05/10/23 04:25:51 PM Thursday - <module> - INFO : Recoding Start
05/10/23 04:25:51 PM Thursday - <module> - INFO : Recoding Start
05/10/23 04:26:00 PM Thursday - <module> - INFO : *** title KOR ID CARD RESULT
05/10/23 04:26:00 PM Thursday - <module> - INFO : *** title KOR ID CARD RESULT
05/10/23 04:26:00 PM Thursday - <module> - INFO : *** title KOR ID CARD RESULT
05/10/23 04:26:00 PM Thursday - <module> - INFO : *** name 이진녕
05/10/23 04:26:00 PM Thursday - <module> - INFO : *** name 이진녕
05/10/23 04:26:00 PM Thursday - <module> - INFO : *** name 이진녕
05/10/23 04:26:01 PM Thursday - <module> - INFO : Recoding Stop
05/10/23 04:26:01 PM Thursday - <module> - INFO : Recoding Stop
05/10/23 04:26:01 PM Thursday - <module> - INFO : Recoding Stop
05/10/23 04:27:19 PM Thursday - <module> - INFO : Recoding Start
05/10/23 04:27:19 PM Thursday - <module> - INFO : Recoding Start
05/10/23 04:27:19 PM Thursday - <module> - INFO : Recoding Start
05/10/23 04:27:25 PM Thursday - <module> - INFO : *** title KOR ID CARD RESULT
05/10/23 04:27:25 PM Thursday - <module> - INFO : *** title KOR ID CARD RESULT
05/10/23 04:27:25 PM Thursday - <module> - INFO : *** title KOR ID CARD RESULT
05/10/23 04:27:35 PM Thursday - <module> - INFO : Recoding Stop
05/10/23 04:27:35 PM Thursday - <module> - INFO : Recoding Stop
05/10/23 04:27:35 PM Thursday - <module> - INFO : Recoding Stop
05/10/23 04:36:29 PM Thursday - <module> - INFO : Recoding Start
05/10/23 04:36:29 PM Thursday - <module> - INFO : Recoding Start
05/10/23 04:36:29 PM Thursday - <module> - INFO : Recoding Start
05/10/23 04:36:35 PM Thursday - <module> - INFO : *** title KOR ID CARD RESULT
05/10/23 04:36:35 PM Thursday - <module> - INFO : *** title KOR ID CARD RESULT
05/10/23 04:36:35 PM Thursday - <module> - INFO : *** title KOR ID CARD RESULT
05/10/23 04:36:36 PM Thursday - <module> - INFO : *** name 901116-1158011
05/10/23 04:36:36 PM Thursday - <module> - INFO : *** name 901116-1158011
05/10/23 04:36:36 PM Thursday - <module> - INFO : *** name 901116-1158011
05/10/23 04:36:36 PM Thursday - <module> - INFO : *** hnum 525, 223, 119, 38
05/10/23 04:36:36 PM Thursday - <module> - INFO : *** hnum 525, 223, 119, 38
05/10/23 04:36:36 PM Thursday - <module> - INFO : *** hnum 525, 223, 119, 38
05/10/23 04:36:36 PM Thursday - <module> - INFO : *** date 352, 539, 168, 33
05/10/23 04:36:36 PM Thursday - <module> - INFO : *** date 352, 539, 168, 33
05/10/23 04:36:36 PM Thursday - <module> - INFO : *** date 352, 539, 168, 33
05/10/23 04:36:36 PM Thursday - <module> - INFO : *** type 11-09-601634-20
05/10/23 04:36:36 PM Thursday - <module> - INFO : *** type 11-09-601634-20
05/10/23 04:36:36 PM Thursday - <module> - INFO : *** type 11-09-601634-20
05/10/23 04:36:37 PM Thursday - <module> - INFO : Recoding Stop
05/10/23 04:36:37 PM Thursday - <module> - INFO : Recoding Stop
05/10/23 04:36:37 PM Thursday - <module> - INFO : Recoding Stop
05/10/23 04:37:31 PM Thursday - <module> - INFO : Recoding Start
05/10/23 04:37:31 PM Thursday - <module> - INFO : Recoding Start
05/10/23 04:37:31 PM Thursday - <module> - INFO : Recoding Start
05/10/23 04:37:39 PM Thursday - <module> - INFO : *** title KOR ID CARD RESULT
05/10/23 04:37:39 PM Thursday - <module> - INFO : *** title KOR ID CARD RESULT
05/10/23 04:37:39 PM Thursday - <module> - INFO : *** title KOR ID CARD RESULT
05/10/23 04:37:39 PM Thursday - <module> - INFO : *** name 901116-1158011
05/10/23 04:37:39 PM Thursday - <module> - INFO : *** name 901116-1158011
05/10/23 04:37:39 PM Thursday - <module> - INFO : *** name 901116-1158011
05/10/23 04:37:39 PM Thursday - <module> - INFO : *** hnum 551, 216, 114, 37
05/10/23 04:37:39 PM Thursday - <module> - INFO : *** hnum 551, 216, 114, 37
05/10/23 04:37:39 PM Thursday - <module> - INFO : *** hnum 551, 216, 114, 37
05/10/23 04:37:39 PM Thursday - <module> - INFO : *** date 356, 538, 171, 33
05/10/23 04:37:39 PM Thursday - <module> - INFO : *** date 356, 538, 171, 33
05/10/23 04:37:39 PM Thursday - <module> - INFO : *** date 356, 538, 171, 33
05/10/23 04:37:39 PM Thursday - <module> - INFO : *** type 11-09-601634-20
05/10/23 04:37:39 PM Thursday - <module> - INFO : *** type 11-09-601634-20
05/10/23 04:37:39 PM Thursday - <module> - INFO : *** type 11-09-601634-20
05/10/23 04:37:40 PM Thursday - <module> - INFO : *** cnum 550, 100, 284, 58
05/10/23 04:37:40 PM Thursday - <module> - INFO : *** cnum 550, 100, 284, 58
05/10/23 04:37:40 PM Thursday - <module> - INFO : *** cnum 550, 100, 284, 58
05/10/23 04:37:40 PM Thursday - <module> - INFO : Recoding Stop
05/10/23 04:37:40 PM Thursday - <module> - INFO : Recoding Stop
05/10/23 04:37:40 PM Thursday - <module> - INFO : Recoding Stop
05/10/23 04:45:40 PM Thursday - <module> - INFO : Recoding Start
05/10/23 04:45:40 PM Thursday - <module> - INFO : Recoding Start
05/10/23 04:45:40 PM Thursday - <module> - INFO : Recoding Start
05/10/23 04:45:50 PM Thursday - <module> - INFO : Recoding Stop
05/10/23 04:45:50 PM Thursday - <module> - INFO : Recoding Stop
05/10/23 04:45:50 PM Thursday - <module> - INFO : Recoding Stop
05/10/23 04:45:56 PM Thursday - <module> - INFO : Recoding Start
05/10/23 04:45:56 PM Thursday - <module> - INFO : Recoding Start
05/10/23 04:45:56 PM Thursday - <module> - INFO : Recoding Start
05/10/23 04:46:05 PM Thursday - <module> - INFO : *** title KOR ID CARD RESULT
05/10/23 04:46:05 PM Thursday - <module> - INFO : *** title KOR ID CARD RESULT
05/10/23 04:46:05 PM Thursday - <module> - INFO : *** title KOR ID CARD RESULT
05/10/23 04:46:06 PM Thursday - <module> - INFO : *** name 이진녕
05/10/23 04:46:06 PM Thursday - <module> - INFO : *** name 이진녕
05/10/23 04:46:06 PM Thursday - <module> - INFO : *** name 이진녕
05/10/23 04:46:06 PM Thursday - <module> - INFO : *** hnum 901116-1158011
05/10/23 04:46:06 PM Thursday - <module> - INFO : *** hnum 901116-1158011
05/10/23 04:46:06 PM Thursday - <module> - INFO : *** hnum 901116-1158011
05/10/23 04:46:06 PM Thursday - <module> - INFO : *** date 2016.07.07
05/10/23 04:46:06 PM Thursday - <module> - INFO : *** date 2016.07.07
05/10/23 04:46:06 PM Thursday - <module> - INFO : *** date 2016.07.07
05/10/23 04:46:06 PM Thursday - <module> - INFO : *** type 11-09-601634-20
05/10/23 04:46:06 PM Thursday - <module> - INFO : *** type 11-09-601634-20
05/10/23 04:46:06 PM Thursday - <module> - INFO : *** type 11-09-601634-20
05/10/23 04:46:06 PM Thursday - <module> - INFO : *** cnum 548, 98, 284, 58
05/10/23 04:46:06 PM Thursday - <module> - INFO : *** cnum 548, 98, 284, 58
05/10/23 04:46:06 PM Thursday - <module> - INFO : *** cnum 548, 98, 284, 58
05/10/23 04:46:07 PM Thursday - <module> - INFO : Recoding Stop
05/10/23 04:46:07 PM Thursday - <module> - INFO : Recoding Stop
05/10/23 04:46:07 PM Thursday - <module> - INFO : Recoding Stop
05/10/23 04:48:08 PM Thursday - <module> - INFO : Recoding Start
05/10/23 04:48:08 PM Thursday - <module> - INFO : Recoding Start
05/10/23 04:48:08 PM Thursday - <module> - INFO : Recoding Start
05/10/23 04:48:14 PM Thursday - <module> - INFO : *** title KOR ID CARD RESULT
05/10/23 04:48:14 PM Thursday - <module> - INFO : *** title KOR ID CARD RESULT
05/10/23 04:48:14 PM Thursday - <module> - INFO : *** title KOR ID CARD RESULT
05/10/23 04:48:15 PM Thursday - <module> - INFO : *** name 이진녕
05/10/23 04:48:15 PM Thursday - <module> - INFO : *** name 이진녕
05/10/23 04:48:15 PM Thursday - <module> - INFO : *** name 이진녕
05/10/23 04:48:15 PM Thursday - <module> - INFO : *** hnum 901116-1158011
05/10/23 04:48:15 PM Thursday - <module> - INFO : *** hnum 901116-1158011
05/10/23 04:48:15 PM Thursday - <module> - INFO : *** hnum 901116-1158011
05/10/23 04:48:15 PM Thursday - <module> - INFO : *** date 2016.07.07
05/10/23 04:48:15 PM Thursday - <module> - INFO : *** date 2016.07.07
05/10/23 04:48:15 PM Thursday - <module> - INFO : *** date 2016.07.07
05/10/23 04:48:15 PM Thursday - <module> - INFO : *** type 서울지방경찰청장         
05/10/23 04:48:15 PM Thursday - <module> - INFO : *** type 서울지방경찰청장         
05/10/23 04:48:15 PM Thursday - <module> - INFO : *** type 서울지방경찰청장         
05/10/23 04:48:15 PM Thursday - <module> - INFO : *** cnum 1종보통
05/10/23 04:48:15 PM Thursday - <module> - INFO : *** cnum 1종보통
05/10/23 04:48:15 PM Thursday - <module> - INFO : *** cnum 1종보통
05/10/23 04:48:16 PM Thursday - <module> - INFO : Recoding Stop
05/10/23 04:48:16 PM Thursday - <module> - INFO : Recoding Stop
05/10/23 04:48:16 PM Thursday - <module> - INFO : Recoding Stop
05/10/23 04:58:57 PM Thursday - <module> - INFO : Recoding Start
05/10/23 04:58:57 PM Thursday - <module> - INFO : Recoding Start
05/10/23 04:58:57 PM Thursday - <module> - INFO : Recoding Start
05/10/23 04:59:05 PM Thursday - <module> - INFO : *** title KOR ID CARD RESULT
05/10/23 04:59:05 PM Thursday - <module> - INFO : *** title KOR ID CARD RESULT
05/10/23 04:59:05 PM Thursday - <module> - INFO : *** title KOR ID CARD RESULT
05/10/23 04:59:06 PM Thursday - <module> - INFO : Recoding Stop
05/10/23 04:59:06 PM Thursday - <module> - INFO : Recoding Stop
05/10/23 04:59:06 PM Thursday - <module> - INFO : Recoding Stop
05/10/23 05:23:29 PM Thursday - <module> - INFO : Recoding Start
05/10/23 05:23:29 PM Thursday - <module> - INFO : Recoding Start
05/10/23 05:23:29 PM Thursday - <module> - INFO : Recoding Start
05/10/23 05:23:40 PM Thursday - <module> - INFO : *** title KOR ID CARD RESULT
05/10/23 05:23:40 PM Thursday - <module> - INFO : *** title KOR ID CARD RESULT
05/10/23 05:23:40 PM Thursday - <module> - INFO : *** title KOR ID CARD RESULT
05/10/23 05:23:40 PM Thursday - <module> - INFO : *** name 이진녕
05/10/23 05:23:40 PM Thursday - <module> - INFO : *** name 이진녕
05/10/23 05:23:40 PM Thursday - <module> - INFO : *** name 이진녕
05/10/23 05:23:40 PM Thursday - <module> - INFO : *** hnum 901116-1158011
05/10/23 05:23:40 PM Thursday - <module> - INFO : *** hnum 901116-1158011
05/10/23 05:23:40 PM Thursday - <module> - INFO : *** hnum 901116-1158011
05/10/23 05:23:41 PM Thursday - <module> - INFO : *** date 2016.07.07
05/10/23 05:23:41 PM Thursday - <module> - INFO : *** date 2016.07.07
05/10/23 05:23:41 PM Thursday - <module> - INFO : *** date 2016.07.07
05/10/23 05:23:41 PM Thursday - <module> - INFO : *** from 357, 538, 171, 33
05/10/23 05:23:41 PM Thursday - <module> - INFO : *** from 357, 538, 171, 33
05/10/23 05:23:41 PM Thursday - <module> - INFO : *** from 357, 538, 171, 33
05/10/23 05:23:41 PM Thursday - <module> - INFO : *** type 서울지방경찰청장         
05/10/23 05:23:41 PM Thursday - <module> - INFO : *** type 서울지방경찰청장         
05/10/23 05:23:41 PM Thursday - <module> - INFO : *** type 서울지방경찰청장         
05/10/23 05:23:41 PM Thursday - <module> - INFO : *** cnum 1종보통
05/10/23 05:23:41 PM Thursday - <module> - INFO : *** cnum 1종보통
05/10/23 05:23:41 PM Thursday - <module> - INFO : *** cnum 1종보통
05/10/23 05:23:43 PM Thursday - <module> - INFO : Recoding Stop
05/10/23 05:23:43 PM Thursday - <module> - INFO : Recoding Stop
05/10/23 05:23:43 PM Thursday - <module> - INFO : Recoding Stop
05/10/23 05:26:39 PM Thursday - <module> - INFO : Recoding Start
05/10/23 05:26:39 PM Thursday - <module> - INFO : Recoding Start
05/10/23 05:26:39 PM Thursday - <module> - INFO : Recoding Start
05/10/23 05:26:47 PM Thursday - <module> - INFO : *** title KOR ID CARD RESULT
05/10/23 05:26:47 PM Thursday - <module> - INFO : *** title KOR ID CARD RESULT
05/10/23 05:26:47 PM Thursday - <module> - INFO : *** title KOR ID CARD RESULT
05/10/23 05:26:47 PM Thursday - <module> - INFO : *** name 이진녕
05/10/23 05:26:47 PM Thursday - <module> - INFO : *** name 이진녕
05/10/23 05:26:47 PM Thursday - <module> - INFO : *** name 이진녕
05/10/23 05:26:47 PM Thursday - <module> - INFO : *** hnum 901116-1158011
05/10/23 05:26:47 PM Thursday - <module> - INFO : *** hnum 901116-1158011
05/10/23 05:26:47 PM Thursday - <module> - INFO : *** hnum 901116-1158011
05/10/23 05:26:47 PM Thursday - <module> - INFO : *** date 2016.07.07
05/10/23 05:26:47 PM Thursday - <module> - INFO : *** date 2016.07.07
05/10/23 05:26:47 PM Thursday - <module> - INFO : *** date 2016.07.07
05/10/23 05:26:48 PM Thursday - <module> - INFO : *** from 서울지방경찰청장         
05/10/23 05:26:48 PM Thursday - <module> - INFO : *** from 서울지방경찰청장         
05/10/23 05:26:48 PM Thursday - <module> - INFO : *** from 서울지방경찰청장         
05/10/23 05:26:48 PM Thursday - <module> - INFO : *** type 1종보통
05/10/23 05:26:48 PM Thursday - <module> - INFO : *** type 1종보통
05/10/23 05:26:48 PM Thursday - <module> - INFO : *** type 1종보통
05/10/23 05:26:48 PM Thursday - <module> - INFO : *** cnum 11-09-601634-20
05/10/23 05:26:48 PM Thursday - <module> - INFO : *** cnum 11-09-601634-20
05/10/23 05:26:48 PM Thursday - <module> - INFO : *** cnum 11-09-601634-20
05/10/23 05:26:49 PM Thursday - <module> - INFO : Recoding Stop
05/10/23 05:26:49 PM Thursday - <module> - INFO : Recoding Stop
05/10/23 05:26:49 PM Thursday - <module> - INFO : Recoding Stop
05/10/23 05:29:41 PM Thursday - <module> - INFO : Recoding Start
05/10/23 05:29:41 PM Thursday - <module> - INFO : Recoding Start
05/10/23 05:29:41 PM Thursday - <module> - INFO : Recoding Start
05/10/23 05:29:55 PM Thursday - <module> - INFO : Recoding Stop
05/10/23 05:29:55 PM Thursday - <module> - INFO : Recoding Stop
05/10/23 05:29:55 PM Thursday - <module> - INFO : Recoding Stop
05/10/23 05:30:01 PM Thursday - <module> - INFO : Recoding Start
05/10/23 05:30:01 PM Thursday - <module> - INFO : Recoding Start
05/10/23 05:30:01 PM Thursday - <module> - INFO : Recoding Start
05/10/23 05:30:08 PM Thursday - <module> - INFO : Recoding Stop
05/10/23 05:30:08 PM Thursday - <module> - INFO : Recoding Stop
05/10/23 05:30:08 PM Thursday - <module> - INFO : Recoding Stop
05/10/23 05:31:19 PM Thursday - <module> - INFO : Recoding Start
05/10/23 05:31:19 PM Thursday - <module> - INFO : Recoding Start
05/10/23 05:31:19 PM Thursday - <module> - INFO : Recoding Start
05/10/23 05:31:29 PM Thursday - <module> - INFO : Recoding Stop
05/10/23 05:31:29 PM Thursday - <module> - INFO : Recoding Stop
05/10/23 05:31:29 PM Thursday - <module> - INFO : Recoding Stop
05/10/23 05:31:37 PM Thursday - <module> - INFO : Recoding Start
05/10/23 05:31:37 PM Thursday - <module> - INFO : Recoding Start
05/10/23 05:31:37 PM Thursday - <module> - INFO : Recoding Start
05/10/23 05:31:44 PM Thursday - <module> - INFO : Recoding Stop
05/10/23 05:31:44 PM Thursday - <module> - INFO : Recoding Stop
05/10/23 05:31:44 PM Thursday - <module> - INFO : Recoding Stop
05/10/23 05:33:37 PM Thursday - <module> - INFO : Recoding Start
05/10/23 05:33:37 PM Thursday - <module> - INFO : Recoding Start
05/10/23 05:33:37 PM Thursday - <module> - INFO : Recoding Start
05/10/23 05:33:42 PM Thursday - <module> - DEBUG : *** title KOR ID CARD RESULT
05/10/23 05:33:42 PM Thursday - <module> - DEBUG : *** title KOR ID CARD RESULT
05/10/23 05:33:42 PM Thursday - <module> - DEBUG : *** title KOR ID CARD RESULT
05/10/23 05:33:43 PM Thursday - <module> - DEBUG : *** name 이진녕
05/10/23 05:33:43 PM Thursday - <module> - DEBUG : *** name 이진녕
05/10/23 05:33:43 PM Thursday - <module> - DEBUG : *** name 이진녕
05/10/23 05:33:43 PM Thursday - <module> - DEBUG : *** hnum 901116-1158011
05/10/23 05:33:43 PM Thursday - <module> - DEBUG : *** hnum 901116-1158011
05/10/23 05:33:43 PM Thursday - <module> - DEBUG : *** hnum 901116-1158011
05/10/23 05:33:43 PM Thursday - <module> - DEBUG : *** date 2016.07.07
05/10/23 05:33:43 PM Thursday - <module> - DEBUG : *** date 2016.07.07
05/10/23 05:33:43 PM Thursday - <module> - DEBUG : *** date 2016.07.07
05/10/23 05:33:43 PM Thursday - <module> - DEBUG : *** from 서울지방경찰청장         
05/10/23 05:33:43 PM Thursday - <module> - DEBUG : *** from 서울지방경찰청장         
05/10/23 05:33:43 PM Thursday - <module> - DEBUG : *** from 서울지방경찰청장         
05/10/23 05:33:44 PM Thursday - <module> - DEBUG : *** type 1종보통
05/10/23 05:33:44 PM Thursday - <module> - DEBUG : *** type 1종보통
05/10/23 05:33:44 PM Thursday - <module> - DEBUG : *** type 1종보통
05/10/23 05:33:44 PM Thursday - <module> - DEBUG : *** cnum 11-09-601634-20
05/10/23 05:33:44 PM Thursday - <module> - DEBUG : *** cnum 11-09-601634-20
05/10/23 05:33:44 PM Thursday - <module> - DEBUG : *** cnum 11-09-601634-20
05/10/23 05:33:45 PM Thursday - <module> - INFO : Recoding Stop
05/10/23 05:33:45 PM Thursday - <module> - INFO : Recoding Stop
05/10/23 05:33:45 PM Thursday - <module> - INFO : Recoding Stop
05/10/23 05:34:13 PM Thursday - <module> - INFO : Recoding Start
05/10/23 05:34:13 PM Thursday - <module> - INFO : Recoding Start
05/10/23 05:34:13 PM Thursday - <module> - INFO : Recoding Start
05/10/23 05:34:21 PM Thursday - <module> - DEBUG : *** title KOR ID CARD RESULT
05/10/23 05:34:21 PM Thursday - <module> - DEBUG : *** title KOR ID CARD RESULT
05/10/23 05:34:21 PM Thursday - <module> - DEBUG : *** title KOR ID CARD RESULT
05/10/23 05:34:21 PM Thursday - <module> - DEBUG : *** name 이진녕
05/10/23 05:34:21 PM Thursday - <module> - DEBUG : *** name 이진녕
05/10/23 05:34:21 PM Thursday - <module> - DEBUG : *** name 이진녕
05/10/23 05:34:21 PM Thursday - <module> - DEBUG : *** hnum 901116-1158011
05/10/23 05:34:21 PM Thursday - <module> - DEBUG : *** hnum 901116-1158011
05/10/23 05:34:21 PM Thursday - <module> - DEBUG : *** hnum 901116-1158011
05/10/23 05:34:22 PM Thursday - <module> - DEBUG : *** date 2016.07.07
05/10/23 05:34:22 PM Thursday - <module> - DEBUG : *** date 2016.07.07
05/10/23 05:34:22 PM Thursday - <module> - DEBUG : *** date 2016.07.07
05/10/23 05:34:22 PM Thursday - <module> - DEBUG : *** from 서울지방경찰청장         
05/10/23 05:34:22 PM Thursday - <module> - DEBUG : *** from 서울지방경찰청장         
05/10/23 05:34:22 PM Thursday - <module> - DEBUG : *** from 서울지방경찰청장         
05/10/23 05:34:22 PM Thursday - <module> - DEBUG : *** type 1종보통
05/10/23 05:34:22 PM Thursday - <module> - DEBUG : *** type 1종보통
05/10/23 05:34:22 PM Thursday - <module> - DEBUG : *** type 1종보통
05/10/23 05:34:23 PM Thursday - <module> - DEBUG : *** cnum 11-09-601634-20
05/10/23 05:34:23 PM Thursday - <module> - DEBUG : *** cnum 11-09-601634-20
05/10/23 05:34:23 PM Thursday - <module> - DEBUG : *** cnum 11-09-601634-20
05/10/23 05:34:24 PM Thursday - <module> - INFO : Recoding Stop
05/10/23 05:34:24 PM Thursday - <module> - INFO : Recoding Stop
05/10/23 05:34:24 PM Thursday - <module> - INFO : Recoding Stop
05/10/23 06:15:29 PM Thursday - <module> - INFO : Recoding Start
05/10/23 06:15:29 PM Thursday - <module> - INFO : Recoding Start
05/10/23 06:15:29 PM Thursday - <module> - INFO : Recoding Start
05/10/23 06:15:41 PM Thursday - <module> - INFO : Recoding Stop
05/10/23 06:15:41 PM Thursday - <module> - INFO : Recoding Stop
05/10/23 06:15:41 PM Thursday - <module> - INFO : Recoding Stop
05/10/23 06:16:40 PM Thursday - <module> - INFO : Recoding Start
05/10/23 06:16:40 PM Thursday - <module> - INFO : Recoding Start
05/10/23 06:16:40 PM Thursday - <module> - INFO : Recoding Start
05/10/23 06:16:52 PM Thursday - <module> - INFO : Recoding Stop
05/10/23 06:16:52 PM Thursday - <module> - INFO : Recoding Stop
05/10/23 06:16:52 PM Thursday - <module> - INFO : Recoding Stop
05/10/23 06:18:19 PM Thursday - <module> - INFO : Recoding Start
05/10/23 06:18:19 PM Thursday - <module> - INFO : Recoding Start
05/10/23 06:18:19 PM Thursday - <module> - INFO : Recoding Start
05/10/23 06:18:31 PM Thursday - <module> - INFO : Recoding Stop
05/10/23 06:18:31 PM Thursday - <module> - INFO : Recoding Stop
05/10/23 06:18:31 PM Thursday - <module> - INFO : Recoding Stop
05/10/23 06:20:57 PM Thursday - <module> - INFO : Recoding Start
05/10/23 06:20:57 PM Thursday - <module> - INFO : Recoding Start
05/10/23 06:20:57 PM Thursday - <module> - INFO : Recoding Start
05/10/23 06:21:10 PM Thursday - <module> - INFO : Recoding Stop
05/10/23 06:21:10 PM Thursday - <module> - INFO : Recoding Stop
05/10/23 06:21:10 PM Thursday - <module> - INFO : Recoding Stop
05/10/23 06:21:13 PM Thursday - <module> - INFO : Recoding Start
05/10/23 06:21:13 PM Thursday - <module> - INFO : Recoding Start
05/10/23 06:21:13 PM Thursday - <module> - INFO : Recoding Start
05/10/23 06:21:26 PM Thursday - <module> - INFO : Recoding Stop
05/10/23 06:21:26 PM Thursday - <module> - INFO : Recoding Stop
05/10/23 06:21:26 PM Thursday - <module> - INFO : Recoding Stop
05/10/23 06:22:56 PM Thursday - <module> - INFO : Recoding Start
05/10/23 06:22:56 PM Thursday - <module> - INFO : Recoding Start
05/10/23 06:22:56 PM Thursday - <module> - INFO : Recoding Start
05/10/23 06:23:09 PM Thursday - <module> - INFO : Recoding Stop
05/10/23 06:23:09 PM Thursday - <module> - INFO : Recoding Stop
05/10/23 06:23:09 PM Thursday - <module> - INFO : Recoding Stop
06/10/23 10:36:15 AM Friday - <module> - DEBUG : *** title KOR ID CARD RESULT
06/10/23 10:36:15 AM Friday - <module> - DEBUG : *** title KOR ID CARD RESULT
06/10/23 10:36:15 AM Friday - <module> - DEBUG : *** title KOR ID CARD RESULT
06/10/23 10:36:16 AM Friday - <module> - DEBUG : *** name 김민호
06/10/23 10:36:16 AM Friday - <module> - DEBUG : *** name 김민호
06/10/23 10:36:16 AM Friday - <module> - DEBUG : *** name 김민호
06/10/23 10:36:16 AM Friday - <module> - DEBUG : *** hnum 870810-1496211
06/10/23 10:36:16 AM Friday - <module> - DEBUG : *** hnum 870810-1496211
06/10/23 10:36:16 AM Friday - <module> - DEBUG : *** hnum 870810-1496211
06/10/23 10:36:16 AM Friday - <module> - DEBUG : *** date 2018.05.02
06/10/23 10:36:16 AM Friday - <module> - DEBUG : *** date 2018.05.02
06/10/23 10:36:16 AM Friday - <module> - DEBUG : *** date 2018.05.02
06/10/23 10:36:17 AM Friday - <module> - DEBUG : *** from 경기남부지방경찰청장   
06/10/23 10:36:17 AM Friday - <module> - DEBUG : *** from 경기남부지방경찰청장   
06/10/23 10:36:17 AM Friday - <module> - DEBUG : *** from 경기남부지방경찰청장   
06/10/23 10:36:17 AM Friday - <module> - DEBUG : *** type 1종보통
06/10/23 10:36:17 AM Friday - <module> - DEBUG : *** type 1종보통
06/10/23 10:36:17 AM Friday - <module> - DEBUG : *** type 1종보통
06/10/23 10:36:17 AM Friday - <module> - DEBUG : *** cnum 13-10-662559-12
06/10/23 10:36:17 AM Friday - <module> - DEBUG : *** cnum 13-10-662559-12
06/10/23 10:36:17 AM Friday - <module> - DEBUG : *** cnum 13-10-662559-12
06/10/23 10:36:22 AM Friday - <module> - DEBUG : *** title KOR ID CARD RESULT
06/10/23 10:36:22 AM Friday - <module> - DEBUG : *** title KOR ID CARD RESULT
06/10/23 10:36:22 AM Friday - <module> - DEBUG : *** title KOR ID CARD RESULT
06/10/23 10:36:22 AM Friday - <module> - DEBUG : *** name 김민호
06/10/23 10:36:22 AM Friday - <module> - DEBUG : *** name 김민호
06/10/23 10:36:22 AM Friday - <module> - DEBUG : *** name 김민호
06/10/23 10:36:22 AM Friday - <module> - DEBUG : *** hnum 870810-1496211
06/10/23 10:36:22 AM Friday - <module> - DEBUG : *** hnum 870810-1496211
06/10/23 10:36:22 AM Friday - <module> - DEBUG : *** hnum 870810-1496211
06/10/23 10:36:23 AM Friday - <module> - DEBUG : *** date 2018.05.02
06/10/23 10:36:23 AM Friday - <module> - DEBUG : *** date 2018.05.02
06/10/23 10:36:23 AM Friday - <module> - DEBUG : *** date 2018.05.02
06/10/23 10:36:23 AM Friday - <module> - DEBUG : *** from 경기남부지방경찰청장   
06/10/23 10:36:23 AM Friday - <module> - DEBUG : *** from 경기남부지방경찰청장   
06/10/23 10:36:23 AM Friday - <module> - DEBUG : *** from 경기남부지방경찰청장   
06/10/23 10:36:23 AM Friday - <module> - DEBUG : *** type 1종보통
06/10/23 10:36:23 AM Friday - <module> - DEBUG : *** type 1종보통
06/10/23 10:36:23 AM Friday - <module> - DEBUG : *** type 1종보통
06/10/23 10:36:24 AM Friday - <module> - DEBUG : *** cnum 13-10-662559-12
06/10/23 10:36:24 AM Friday - <module> - DEBUG : *** cnum 13-10-662559-12
06/10/23 10:36:24 AM Friday - <module> - DEBUG : *** cnum 13-10-662559-12
06/10/23 10:36:27 AM Friday - <module> - DEBUG : *** title KOR ID CARD RESULT
06/10/23 10:36:27 AM Friday - <module> - DEBUG : *** title KOR ID CARD RESULT
06/10/23 10:36:27 AM Friday - <module> - DEBUG : *** title KOR ID CARD RESULT
06/10/23 10:36:28 AM Friday - <module> - DEBUG : *** name 김민호
06/10/23 10:36:28 AM Friday - <module> - DEBUG : *** name 김민호
06/10/23 10:36:28 AM Friday - <module> - DEBUG : *** name 김민호
06/10/23 10:36:28 AM Friday - <module> - DEBUG : *** hnum 870810-1496211
06/10/23 10:36:28 AM Friday - <module> - DEBUG : *** hnum 870810-1496211
06/10/23 10:36:28 AM Friday - <module> - DEBUG : *** hnum 870810-1496211
06/10/23 10:36:28 AM Friday - <module> - DEBUG : *** date 2018.05.02
06/10/23 10:36:28 AM Friday - <module> - DEBUG : *** date 2018.05.02
06/10/23 10:36:28 AM Friday - <module> - DEBUG : *** date 2018.05.02
06/10/23 10:36:28 AM Friday - <module> - DEBUG : *** from 경기남부지방경찰청장   
06/10/23 10:36:28 AM Friday - <module> - DEBUG : *** from 경기남부지방경찰청장   
06/10/23 10:36:28 AM Friday - <module> - DEBUG : *** from 경기남부지방경찰청장   
06/10/23 10:36:29 AM Friday - <module> - DEBUG : *** type 1종보통
06/10/23 10:36:29 AM Friday - <module> - DEBUG : *** type 1종보통
06/10/23 10:36:29 AM Friday - <module> - DEBUG : *** type 1종보통
06/10/23 10:36:29 AM Friday - <module> - DEBUG : *** cnum 13-10-662559-12
06/10/23 10:36:29 AM Friday - <module> - DEBUG : *** cnum 13-10-662559-12
06/10/23 10:36:29 AM Friday - <module> - DEBUG : *** cnum 13-10-662559-12
06/10/23 10:36:34 AM Friday - <module> - DEBUG : *** title KOR ID CARD RESULT
06/10/23 10:36:34 AM Friday - <module> - DEBUG : *** title KOR ID CARD RESULT
06/10/23 10:36:34 AM Friday - <module> - DEBUG : *** title KOR ID CARD RESULT
06/10/23 10:36:34 AM Friday - <module> - DEBUG : *** name 김민호
06/10/23 10:36:34 AM Friday - <module> - DEBUG : *** name 김민호
06/10/23 10:36:34 AM Friday - <module> - DEBUG : *** name 김민호
06/10/23 10:36:34 AM Friday - <module> - DEBUG : *** hnum 870810-1496211
06/10/23 10:36:34 AM Friday - <module> - DEBUG : *** hnum 870810-1496211
06/10/23 10:36:34 AM Friday - <module> - DEBUG : *** hnum 870810-1496211
06/10/23 10:36:35 AM Friday - <module> - DEBUG : *** date 2018.05.02
06/10/23 10:36:35 AM Friday - <module> - DEBUG : *** date 2018.05.02
06/10/23 10:36:35 AM Friday - <module> - DEBUG : *** date 2018.05.02
06/10/23 10:36:35 AM Friday - <module> - DEBUG : *** from 경기남부지방경찰청장   
06/10/23 10:36:35 AM Friday - <module> - DEBUG : *** from 경기남부지방경찰청장   
06/10/23 10:36:35 AM Friday - <module> - DEBUG : *** from 경기남부지방경찰청장   
06/10/23 10:36:35 AM Friday - <module> - DEBUG : *** type 1종보통
06/10/23 10:36:35 AM Friday - <module> - DEBUG : *** type 1종보통
06/10/23 10:36:35 AM Friday - <module> - DEBUG : *** type 1종보통
06/10/23 10:36:35 AM Friday - <module> - DEBUG : *** cnum 13-10-662559-12
06/10/23 10:36:35 AM Friday - <module> - DEBUG : *** cnum 13-10-662559-12
06/10/23 10:36:35 AM Friday - <module> - DEBUG : *** cnum 13-10-662559-12
06/10/23 10:36:39 AM Friday - <module> - DEBUG : *** title KOR ID CARD RESULT
06/10/23 10:36:39 AM Friday - <module> - DEBUG : *** title KOR ID CARD RESULT
06/10/23 10:36:39 AM Friday - <module> - DEBUG : *** title KOR ID CARD RESULT
06/10/23 10:36:39 AM Friday - <module> - DEBUG : *** name 김민호
06/10/23 10:36:39 AM Friday - <module> - DEBUG : *** name 김민호
06/10/23 10:36:39 AM Friday - <module> - DEBUG : *** name 김민호
06/10/23 10:36:40 AM Friday - <module> - DEBUG : *** hnum 870810-1496211
06/10/23 10:36:40 AM Friday - <module> - DEBUG : *** hnum 870810-1496211
06/10/23 10:36:40 AM Friday - <module> - DEBUG : *** hnum 870810-1496211
06/10/23 10:36:40 AM Friday - <module> - DEBUG : *** date 2018.05.02
06/10/23 10:36:40 AM Friday - <module> - DEBUG : *** date 2018.05.02
06/10/23 10:36:40 AM Friday - <module> - DEBUG : *** date 2018.05.02
06/10/23 10:36:40 AM Friday - <module> - DEBUG : *** from 경기남부지방경찰청장   
06/10/23 10:36:40 AM Friday - <module> - DEBUG : *** from 경기남부지방경찰청장   
06/10/23 10:36:40 AM Friday - <module> - DEBUG : *** from 경기남부지방경찰청장   
06/10/23 10:36:41 AM Friday - <module> - DEBUG : *** type 1종보통
06/10/23 10:36:41 AM Friday - <module> - DEBUG : *** type 1종보통
06/10/23 10:36:41 AM Friday - <module> - DEBUG : *** type 1종보통
06/10/23 10:36:41 AM Friday - <module> - DEBUG : *** cnum 13-10-662559-12
06/10/23 10:36:41 AM Friday - <module> - DEBUG : *** cnum 13-10-662559-12
06/10/23 10:36:41 AM Friday - <module> - DEBUG : *** cnum 13-10-662559-12
06/10/23 10:36:46 AM Friday - <module> - DEBUG : *** title KOR ID CARD RESULT
06/10/23 10:36:46 AM Friday - <module> - DEBUG : *** title KOR ID CARD RESULT
06/10/23 10:36:46 AM Friday - <module> - DEBUG : *** title KOR ID CARD RESULT
06/10/23 10:36:46 AM Friday - <module> - DEBUG : *** name 김민호
06/10/23 10:36:46 AM Friday - <module> - DEBUG : *** name 김민호
06/10/23 10:36:46 AM Friday - <module> - DEBUG : *** name 김민호
06/10/23 10:36:47 AM Friday - <module> - DEBUG : *** hnum 870810-1496211
06/10/23 10:36:47 AM Friday - <module> - DEBUG : *** hnum 870810-1496211
06/10/23 10:36:47 AM Friday - <module> - DEBUG : *** hnum 870810-1496211
06/10/23 10:36:47 AM Friday - <module> - DEBUG : *** date 2018.05.02
06/10/23 10:36:47 AM Friday - <module> - DEBUG : *** date 2018.05.02
06/10/23 10:36:47 AM Friday - <module> - DEBUG : *** date 2018.05.02
06/10/23 10:36:47 AM Friday - <module> - DEBUG : *** from 경기남부지방경찰청장   
06/10/23 10:36:47 AM Friday - <module> - DEBUG : *** from 경기남부지방경찰청장   
06/10/23 10:36:47 AM Friday - <module> - DEBUG : *** from 경기남부지방경찰청장   
06/10/23 10:36:48 AM Friday - <module> - DEBUG : *** type 1종보통
06/10/23 10:36:48 AM Friday - <module> - DEBUG : *** type 1종보통
06/10/23 10:36:48 AM Friday - <module> - DEBUG : *** type 1종보통
06/10/23 10:36:48 AM Friday - <module> - DEBUG : *** cnum 13-10-662559-12
06/10/23 10:36:48 AM Friday - <module> - DEBUG : *** cnum 13-10-662559-12
06/10/23 10:36:48 AM Friday - <module> - DEBUG : *** cnum 13-10-662559-12
06/10/23 10:36:53 AM Friday - <module> - DEBUG : *** title KOR ID CARD RESULT
06/10/23 10:36:53 AM Friday - <module> - DEBUG : *** title KOR ID CARD RESULT
06/10/23 10:36:53 AM Friday - <module> - DEBUG : *** title KOR ID CARD RESULT
06/10/23 10:36:53 AM Friday - <module> - DEBUG : *** name 김민호
06/10/23 10:36:53 AM Friday - <module> - DEBUG : *** name 김민호
06/10/23 10:36:53 AM Friday - <module> - DEBUG : *** name 김민호
06/10/23 10:36:53 AM Friday - <module> - DEBUG : *** hnum 870810-1496211
06/10/23 10:36:53 AM Friday - <module> - DEBUG : *** hnum 870810-1496211
06/10/23 10:36:53 AM Friday - <module> - DEBUG : *** hnum 870810-1496211
06/10/23 10:36:54 AM Friday - <module> - DEBUG : *** date 2018.05.02
06/10/23 10:36:54 AM Friday - <module> - DEBUG : *** date 2018.05.02
06/10/23 10:36:54 AM Friday - <module> - DEBUG : *** date 2018.05.02
06/10/23 10:36:54 AM Friday - <module> - DEBUG : *** from 경기남부지방경찰청장   
06/10/23 10:36:54 AM Friday - <module> - DEBUG : *** from 경기남부지방경찰청장   
06/10/23 10:36:54 AM Friday - <module> - DEBUG : *** from 경기남부지방경찰청장   
06/10/23 10:36:54 AM Friday - <module> - DEBUG : *** type 1종보통
06/10/23 10:36:54 AM Friday - <module> - DEBUG : *** type 1종보통
06/10/23 10:36:54 AM Friday - <module> - DEBUG : *** type 1종보통
06/10/23 10:36:55 AM Friday - <module> - DEBUG : *** cnum 13-10-662559-12
06/10/23 10:36:55 AM Friday - <module> - DEBUG : *** cnum 13-10-662559-12
06/10/23 10:36:55 AM Friday - <module> - DEBUG : *** cnum 13-10-662559-12
06/10/23 10:37:00 AM Friday - <module> - DEBUG : *** title KOR ID CARD RESULT
06/10/23 10:37:00 AM Friday - <module> - DEBUG : *** title KOR ID CARD RESULT
06/10/23 10:37:00 AM Friday - <module> - DEBUG : *** title KOR ID CARD RESULT
06/10/23 10:37:00 AM Friday - <module> - DEBUG : *** name 김민호
06/10/23 10:37:00 AM Friday - <module> - DEBUG : *** name 김민호
06/10/23 10:37:00 AM Friday - <module> - DEBUG : *** name 김민호
06/10/23 10:37:00 AM Friday - <module> - DEBUG : *** hnum 870810-1496211
06/10/23 10:37:00 AM Friday - <module> - DEBUG : *** hnum 870810-1496211
06/10/23 10:37:00 AM Friday - <module> - DEBUG : *** hnum 870810-1496211
06/10/23 10:37:01 AM Friday - <module> - DEBUG : *** date 2018.05.02
06/10/23 10:37:01 AM Friday - <module> - DEBUG : *** date 2018.05.02
06/10/23 10:37:01 AM Friday - <module> - DEBUG : *** date 2018.05.02
06/10/23 10:37:01 AM Friday - <module> - DEBUG : *** from 경기남부지방경찰청장   
06/10/23 10:37:01 AM Friday - <module> - DEBUG : *** from 경기남부지방경찰청장   
06/10/23 10:37:01 AM Friday - <module> - DEBUG : *** from 경기남부지방경찰청장   
06/10/23 10:37:01 AM Friday - <module> - DEBUG : *** type 1종보통
06/10/23 10:37:01 AM Friday - <module> - DEBUG : *** type 1종보통
06/10/23 10:37:01 AM Friday - <module> - DEBUG : *** type 1종보통
06/10/23 10:37:02 AM Friday - <module> - DEBUG : *** cnum 13-10-662559-12
06/10/23 10:37:02 AM Friday - <module> - DEBUG : *** cnum 13-10-662559-12
06/10/23 10:37:02 AM Friday - <module> - DEBUG : *** cnum 13-10-662559-12
06/10/23 10:37:08 AM Friday - <module> - DEBUG : *** title KOR ID CARD RESULT
06/10/23 10:37:08 AM Friday - <module> - DEBUG : *** title KOR ID CARD RESULT
06/10/23 10:37:08 AM Friday - <module> - DEBUG : *** title KOR ID CARD RESULT
06/10/23 10:37:08 AM Friday - <module> - DEBUG : *** name 김민호
06/10/23 10:37:08 AM Friday - <module> - DEBUG : *** name 김민호
06/10/23 10:37:08 AM Friday - <module> - DEBUG : *** name 김민호
06/10/23 10:37:08 AM Friday - <module> - DEBUG : *** hnum 870810-1496211
06/10/23 10:37:08 AM Friday - <module> - DEBUG : *** hnum 870810-1496211
06/10/23 10:37:08 AM Friday - <module> - DEBUG : *** hnum 870810-1496211
06/10/23 10:37:08 AM Friday - <module> - DEBUG : *** date 2018.05.02
06/10/23 10:37:08 AM Friday - <module> - DEBUG : *** date 2018.05.02
06/10/23 10:37:08 AM Friday - <module> - DEBUG : *** date 2018.05.02
06/10/23 10:37:09 AM Friday - <module> - DEBUG : *** from 경기남부지방경찰청장   
06/10/23 10:37:09 AM Friday - <module> - DEBUG : *** from 경기남부지방경찰청장   
06/10/23 10:37:09 AM Friday - <module> - DEBUG : *** from 경기남부지방경찰청장   
06/10/23 10:37:09 AM Friday - <module> - DEBUG : *** type 1종보통
06/10/23 10:37:09 AM Friday - <module> - DEBUG : *** type 1종보통
06/10/23 10:37:09 AM Friday - <module> - DEBUG : *** type 1종보통
06/10/23 10:37:09 AM Friday - <module> - DEBUG : *** cnum 13-10-662559-12
06/10/23 10:37:09 AM Friday - <module> - DEBUG : *** cnum 13-10-662559-12
06/10/23 10:37:09 AM Friday - <module> - DEBUG : *** cnum 13-10-662559-12
06/10/23 10:37:15 AM Friday - <module> - DEBUG : *** title KOR ID CARD RESULT
06/10/23 10:37:15 AM Friday - <module> - DEBUG : *** title KOR ID CARD RESULT
06/10/23 10:37:15 AM Friday - <module> - DEBUG : *** title KOR ID CARD RESULT
06/10/23 10:37:15 AM Friday - <module> - DEBUG : *** name 미총
06/10/23 10:37:15 AM Friday - <module> - DEBUG : *** name 미총
06/10/23 10:37:15 AM Friday - <module> - DEBUG : *** name 미총
06/10/23 10:37:15 AM Friday - <module> - DEBUG : *** hnum 870810-1496211
06/10/23 10:37:15 AM Friday - <module> - DEBUG : *** hnum 870810-1496211
06/10/23 10:37:15 AM Friday - <module> - DEBUG : *** hnum 870810-1496211
06/10/23 10:37:16 AM Friday - <module> - DEBUG : *** date 2018.05.02
06/10/23 10:37:16 AM Friday - <module> - DEBUG : *** date 2018.05.02
06/10/23 10:37:16 AM Friday - <module> - DEBUG : *** date 2018.05.02
06/10/23 10:37:16 AM Friday - <module> - DEBUG : *** from 경기남부지방경찰청장   
06/10/23 10:37:16 AM Friday - <module> - DEBUG : *** from 경기남부지방경찰청장   
06/10/23 10:37:16 AM Friday - <module> - DEBUG : *** from 경기남부지방경찰청장   
06/10/23 10:37:16 AM Friday - <module> - DEBUG : *** type 1종보통
06/10/23 10:37:16 AM Friday - <module> - DEBUG : *** type 1종보통
06/10/23 10:37:16 AM Friday - <module> - DEBUG : *** type 1종보통
06/10/23 10:37:17 AM Friday - <module> - DEBUG : *** cnum 13-10-662559-12
06/10/23 10:37:17 AM Friday - <module> - DEBUG : *** cnum 13-10-662559-12
06/10/23 10:37:17 AM Friday - <module> - DEBUG : *** cnum 13-10-662559-12
